# JRE version: OpenJDK Runtime Environment (8.0_152-b12) (build 1.8.0_152-release-915-b12)
# Java VM: OpenJDK 64-Bit Server VM (25.152-b12 mixed mode windows-amd64 compressed oops)
Heap:
 par new generation   total 39296K, used 23595K [0x00000000d1200000, 0x00000000d3ca0000, 0x00000000e0c00000)
  eden space 34944K,  64% used [0x00000000d1200000, 0x00000000d27d8458, 0x00000000d3420000)
  from space 4352K,  28% used [0x00000000d3860000, 0x00000000d39928d8, 0x00000000d3ca0000)
  to   space 4352K,   0% used [0x00000000d3420000, 0x00000000d3420000, 0x00000000d3860000)
 concurrent mark-sweep generation total 293120K, used 231780K [0x00000000e0c00000, 0x00000000f2a40000, 0x0000000100000000)
 Metaspace       used 285725K, capacity 303796K, committed 305640K, reserved 1310720K
  class space    used 40655K, capacity 44810K, committed 45124K, reserved 1048576K
GC Heap History (10 events):
Event: 5422.384 GC heap before
{Heap before GC invocations=338 (full 11):
 par new generation   total 39296K, used 36132K [0x00000000d1200000, 0x00000000d3ca0000, 0x00000000e0c00000)
  eden space 34944K, 100% used [0x00000000d1200000, 0x00000000d3420000, 0x00000000d3420000)
  from space 4352K,  27% used [0x00000000d3420000, 0x00000000d3549238, 0x00000000d3860000)
  to   space 4352K,   0% used [0x00000000d3860000, 0x00000000d3860000, 0x00000000d3ca0000)
 concurrent mark-sweep generation total 293120K, used 231563K [0x00000000e0c00000, 0x00000000f2a40000, 0x0000000100000000)
 Metaspace       used 285637K, capacity 303640K, committed 305640K, reserved 1310720K
  class space    used 40641K, capacity 44784K, committed 45124K, reserved 1048576K
Event: 5423.803 GC heap after
Heap after GC invocations=339 (full 11):
 par new generation   total 39296K, used 1002K [0x00000000d1200000, 0x00000000d3ca0000, 0x00000000e0c00000)
  eden space 34944K,   0% used [0x00000000d1200000, 0x00000000d1200000, 0x00000000d3420000)
  from space 4352K,  23% used [0x00000000d3860000, 0x00000000d395aa98, 0x00000000d3ca0000)
  to   space 4352K,   0% used [0x00000000d3420000, 0x00000000d3420000, 0x00000000d3860000)
 concurrent mark-sweep generation total 293120K, used 231563K [0x00000000e0c00000, 0x00000000f2a40000, 0x0000000100000000)
 Metaspace       used 285637K, capacity 303640K, committed 305640K, reserved 1310720K
  class space    used 40641K, capacity 44784K, committed 45124K, reserved 1048576K
}
Event: 5475.284 GC heap before
{Heap before GC invocations=339 (full 11):
 par new generation   total 39296K, used 35946K [0x00000000d1200000, 0x00000000d3ca0000, 0x00000000e0c00000)
  eden space 34944K, 100% used [0x00000000d1200000, 0x00000000d3420000, 0x00000000d3420000)
  from space 4352K,  23% used [0x00000000d3860000, 0x00000000d395aa98, 0x00000000d3ca0000)
  to   space 4352K,   0% used [0x00000000d3420000, 0x00000000d3420000, 0x00000000d3860000)
 concurrent mark-sweep generation total 293120K, used 231563K [0x00000000e0c00000, 0x00000000f2a40000, 0x0000000100000000)
 Metaspace       used 285691K, capacity 303766K, committed 305640K, reserved 1310720K
  class space    used 40652K, capacity 44805K, committed 45124K, reserved 1048576K
Event: 5476.193 GC heap after
Heap after GC invocations=340 (full 11):
 par new generation   total 39296K, used 966K [0x00000000d1200000, 0x00000000d3ca0000, 0x00000000e0c00000)
  eden space 34944K,   0% used [0x00000000d1200000, 0x00000000d1200000, 0x00000000d3420000)
  from space 4352K,  22% used [0x00000000d3420000, 0x00000000d3511b40, 0x00000000d3860000)
  to   space 4352K,   0% used [0x00000000d3860000, 0x00000000d3860000, 0x00000000d3ca0000)
 concurrent mark-sweep generation total 293120K, used 231563K [0x00000000e0c00000, 0x00000000f2a40000, 0x0000000100000000)
 Metaspace       used 285691K, capacity 303766K, committed 305640K, reserved 1310720K
  class space    used 40652K, capacity 44805K, committed 45124K, reserved 1048576K
}
Event: 5496.235 GC heap before
{Heap before GC invocations=340 (full 11):
 par new generation   total 39296K, used 35910K [0x00000000d1200000, 0x00000000d3ca0000, 0x00000000e0c00000)
  eden space 34944K, 100% used [0x00000000d1200000, 0x00000000d3420000, 0x00000000d3420000)
  from space 4352K,  22% used [0x00000000d3420000, 0x00000000d3511b40, 0x00000000d3860000)
  to   space 4352K,   0% used [0x00000000d3860000, 0x00000000d3860000, 0x00000000d3ca0000)
 concurrent mark-sweep generation total 293120K, used 231563K [0x00000000e0c00000, 0x00000000f2a40000, 0x0000000100000000)
 Metaspace       used 285694K, capacity 303766K, committed 305640K, reserved 1310720K
  class space    used 40653K, capacity 44805K, committed 45124K, reserved 1048576K
Event: 5496.280 GC heap after
Heap after GC invocations=341 (full 11):
 par new generation   total 39296K, used 1101K [0x00000000d1200000, 0x00000000d3ca0000, 0x00000000e0c00000)
  eden space 34944K,   0% used [0x00000000d1200000, 0x00000000d1200000, 0x00000000d3420000)
  from space 4352K,  25% used [0x00000000d3860000, 0x00000000d3973678, 0x00000000d3ca0000)
  to   space 4352K,   0% used [0x00000000d3420000, 0x00000000d3420000, 0x00000000d3860000)
 concurrent mark-sweep generation total 293120K, used 231618K [0x00000000e0c00000, 0x00000000f2a40000, 0x0000000100000000)
 Metaspace       used 285694K, capacity 303766K, committed 305640K, reserved 1310720K
  class space    used 40653K, capacity 44805K, committed 45124K, reserved 1048576K
}
Event: 5507.410 GC heap before
{Heap before GC invocations=341 (full 11):
 par new generation   total 39296K, used 36045K [0x00000000d1200000, 0x00000000d3ca0000, 0x00000000e0c00000)
  eden space 34944K, 100% used [0x00000000d1200000, 0x00000000d3420000, 0x00000000d3420000)
  from space 4352K,  25% used [0x00000000d3860000, 0x00000000d3973678, 0x00000000d3ca0000)
  to   space 4352K,   0% used [0x00000000d3420000, 0x00000000d3420000, 0x00000000d3860000)
 concurrent mark-sweep generation total 293120K, used 231618K [0x00000000e0c00000, 0x00000000f2a40000, 0x0000000100000000)
 Metaspace       used 285694K, capacity 303766K, committed 305640K, reserved 1310720K
  class space    used 40653K, capacity 44805K, committed 45124K, reserved 1048576K
Event: 5507.521 GC heap after
Heap after GC invocations=342 (full 11):
 par new generation   total 39296K, used 1168K [0x00000000d1200000, 0x00000000d3ca0000, 0x00000000e0c00000)
  eden space 34944K,   0% used [0x00000000d1200000, 0x00000000d1200000, 0x00000000d3420000)
  from space 4352K,  26% used [0x00000000d3420000, 0x00000000d3544168, 0x00000000d3860000)
  to   space 4352K,   0% used [0x00000000d3860000, 0x00000000d3860000, 0x00000000d3ca0000)
 concurrent mark-sweep generation total 293120K, used 231743K [0x00000000e0c00000, 0x00000000f2a40000, 0x0000000100000000)
 Metaspace       used 285694K, capacity 303766K, committed 305640K, reserved 1310720K
  class space    used 40653K, capacity 44805K, committed 45124K, reserved 1048576K
}
Event: 5524.160 GC heap before
{Heap before GC invocations=342 (full 11):
 par new generation   total 39296K, used 36112K [0x00000000d1200000, 0x00000000d3ca0000, 0x00000000e0c00000)
  eden space 34944K, 100% used [0x00000000d1200000, 0x00000000d3420000, 0x00000000d3420000)
  from space 4352K,  26% used [0x00000000d3420000, 0x00000000d3544168, 0x00000000d3860000)
  to   space 4352K,   0% used [0x00000000d3860000, 0x00000000d3860000, 0x00000000d3ca0000)
 concurrent mark-sweep generation total 293120K, used 231743K [0x00000000e0c00000, 0x00000000f2a40000, 0x0000000100000000)
 Metaspace       used 285722K, capacity 303796K, committed 305640K, reserved 1310720K
  class space    used 40655K, capacity 44810K, committed 45124K, reserved 1048576K
Event: 5524.186 GC heap after
Heap after GC invocations=343 (full 11):
 par new generation   total 39296K, used 1226K [0x00000000d1200000, 0x00000000d3ca0000, 0x00000000e0c00000)
  eden space 34944K,   0% used [0x00000000d1200000, 0x00000000d1200000, 0x00000000d3420000)
  from space 4352K,  28% used [0x00000000d3860000, 0x00000000d39928d8, 0x00000000d3ca0000)
  to   space 4352K,   0% used [0x00000000d3420000, 0x00000000d3420000, 0x00000000d3860000)
 concurrent mark-sweep generation total 293120K, used 231780K [0x00000000e0c00000, 0x00000000f2a40000, 0x0000000100000000)
 Metaspace       used 285722K, capacity 303796K, committed 305640K, reserved 1310720K
  class space    used 40655K, capacity 44810K, committed 45124K, reserved 1048576K
}

